   1                             	r8	=	0xffef0
   2                             	r16	=	0xffee8
   3                             	r24	=	0xffee0
   4                             	r9	=	0xffef1
   5                             	r17	=	0xffee9
   6                             	r25	=	0xffee1
   7                             	r10	=	0xffef2
   8                             	r18	=	0xffeea
   9                             	r26	=	0xffee2
  10                             	r11	=	0xffef3
  11                             	r19	=	0xffeeb
  12                             	r27	=	0xffee3
  13                             	r12	=	0xffef4
  14                             	r20	=	0xffeec
  15                             	r28	=	0xffee4
  16                             	r13	=	0xffef5
  17                             	r21	=	0xffeed
  18                             	r29	=	0xffee5
  19                             	r14	=	0xffef6
  20                             	r22	=	0xffeee
  21                             	r30	=	0xffee6
  22                             	r15	=	0xffef7
  23                             	r23	=	0xffeef
  24                             	r31	=	0xffee7
  25                             	.text
  26                             	.Ltext0:
  27                             		.global	_HardwareSetup
  29                             	_HardwareSetup:
  30                             	.LFB0:
  31                             		.file 1 "../src/hardware_setup.c"
   1:../src/hardware_setup.c **** /***************************************************************/
   2:../src/hardware_setup.c **** /*                                                             */
   3:../src/hardware_setup.c **** /*      PROJECT NAME :  TesteADC                               */
   4:../src/hardware_setup.c **** /*      FILE         :  hardware_setup.c                       */
   5:../src/hardware_setup.c **** /*      DESCRIPTION  :  Hardware Initialization                */
   6:../src/hardware_setup.c **** /*      CPU SERIES   :  RL78 - G13                             */
   7:../src/hardware_setup.c **** /*      CPU TYPE     :  R5F100LE                               */
   8:../src/hardware_setup.c **** /*                                                             */
   9:../src/hardware_setup.c **** /*      This file is generated by e2 studio.                   */
  10:../src/hardware_setup.c **** /*                                                             */
  11:../src/hardware_setup.c **** /***************************************************************/                                 
  12:../src/hardware_setup.c ****                                                                            
  13:../src/hardware_setup.c ****                                                                            
  14:../src/hardware_setup.c **** /************************************************************************/
  15:../src/hardware_setup.c **** /*    File Version: V1.00                                               */
  16:../src/hardware_setup.c **** /*    Date Generated: 10/09/2013                                        */
  17:../src/hardware_setup.c **** /************************************************************************/
  18:../src/hardware_setup.c **** 
  19:../src/hardware_setup.c **** #ifdef __cplusplus
  20:../src/hardware_setup.c **** extern "C" {
  21:../src/hardware_setup.c **** #endif
  22:../src/hardware_setup.c **** extern void HardwareSetup(void);
  23:../src/hardware_setup.c **** #ifdef __cplusplus
  24:../src/hardware_setup.c **** }
  25:../src/hardware_setup.c **** #endif
  26:../src/hardware_setup.c **** void HardwareSetup(void)
  27:../src/hardware_setup.c **** {
  32                             		.loc 1 27 0
  28:../src/hardware_setup.c **** 
  29:../src/hardware_setup.c **** }                                                                   
  33                             		.loc 1 29 0
  34 0000 D7                      		ret
  35                             	.LFE0:
  63                             	.Letext0:
